<?xml version="1.0" encoding="UTF-8"?>
<!-- Generated by org.testng.reporters.JUnitXMLReporter -->
<testsuite ignored="0" hostname="DESKTOP-9RRSD5S" failures="0" tests="3" name="Default test" time="3.653" errors="0" timestamp="2024-08-17T11:58:03 IST">
  <testcase classname="assured.rest.PutPatchDelet" name="deletTest" time="2.519"/>
  <testcase classname="assured.rest.PutPatchDelet" name="patchTest" time="0.593"/>
  <testcase classname="assured.rest.PutPatchDelet" name="putTest" time="0.473"/>
</testsuite> <!-- Default test -->
