<?xml version="1.0" encoding="UTF-8"?>
<testng-results ignored="0" total="3" passed="3" failed="0" skipped="0">
  <reporter-output>
  </reporter-output>
  <suite started-at="2024-08-17T11:57:59 IST" name="Default suite" finished-at="2024-08-17T11:58:03 IST" duration-ms="3653">
    <groups>
    </groups>
    <test started-at="2024-08-17T11:57:59 IST" name="Default test" finished-at="2024-08-17T11:58:03 IST" duration-ms="3653">
      <class name="assured.rest.PutPatchDelet">
        <test-method signature="deletTest()[pri:0, instance:assured.rest.PutPatchDelet@4b20ca2b]" started-at="2024-08-17T11:57:59 IST" name="deletTest" finished-at="2024-08-17T11:58:02 IST" duration-ms="2519" status="PASS">
          <reporter-output>
          </reporter-output>
        </test-method> <!-- deletTest -->
        <test-method signature="patchTest()[pri:0, instance:assured.rest.PutPatchDelet@4b20ca2b]" started-at="2024-08-17T11:58:02 IST" name="patchTest" finished-at="2024-08-17T11:58:02 IST" duration-ms="593" status="PASS">
          <reporter-output>
          </reporter-output>
        </test-method> <!-- patchTest -->
        <test-method signature="putTest()[pri:0, instance:assured.rest.PutPatchDelet@4b20ca2b]" started-at="2024-08-17T11:58:02 IST" name="putTest" finished-at="2024-08-17T11:58:03 IST" duration-ms="473" status="PASS">
          <reporter-output>
          </reporter-output>
        </test-method> <!-- putTest -->
      </class> <!-- assured.rest.PutPatchDelet -->
    </test> <!-- Default test -->
  </suite> <!-- Default suite -->
</testng-results>
